c:\users\hunter werenskjold\source\repos\small-sim-graph-projects\visual simulations\driving-bot\x64\debug\vc142.pdb
c:\users\hunter werenskjold\source\repos\small-sim-graph-projects\visual simulations\driving-bot\x64\debug\vc142.idb
c:\users\hunter werenskjold\source\repos\small-sim-graph-projects\visual simulations\driving-bot\x64\debug\window.obj
c:\users\hunter werenskjold\source\repos\small-sim-graph-projects\visual simulations\driving-bot\x64\debug\driving-bot.obj
c:\users\hunter werenskjold\source\repos\small-sim-graph-projects\visual simulations\driving-bot\x64\debug\bot.obj
c:\users\hunter werenskjold\source\repos\small-sim-graph-projects\visual simulations\driving-bot\x64\debug\driving-bot.ilk
c:\users\hunter werenskjold\source\repos\small-sim-graph-projects\visual simulations\driving-bot\x64\debug\driving-bot.exe
c:\users\hunter werenskjold\source\repos\small-sim-graph-projects\visual simulations\driving-bot\x64\debug\driving-bot.pdb
c:\users\hunter werenskjold\source\repos\small-sim-graph-projects\visual simulations\driving-bot\x64\debug\driving-bot.tlog\cl.command.1.tlog
c:\users\hunter werenskjold\source\repos\small-sim-graph-projects\visual simulations\driving-bot\x64\debug\driving-bot.tlog\cl.read.1.tlog
c:\users\hunter werenskjold\source\repos\small-sim-graph-projects\visual simulations\driving-bot\x64\debug\driving-bot.tlog\cl.write.1.tlog
c:\users\hunter werenskjold\source\repos\small-sim-graph-projects\visual simulations\driving-bot\x64\debug\driving-bot.tlog\link-cvtres.read.1.tlog
c:\users\hunter werenskjold\source\repos\small-sim-graph-projects\visual simulations\driving-bot\x64\debug\driving-bot.tlog\link-cvtres.write.1.tlog
c:\users\hunter werenskjold\source\repos\small-sim-graph-projects\visual simulations\driving-bot\x64\debug\driving-bot.tlog\link-rc.read.1.tlog
c:\users\hunter werenskjold\source\repos\small-sim-graph-projects\visual simulations\driving-bot\x64\debug\driving-bot.tlog\link-rc.write.1.tlog
c:\users\hunter werenskjold\source\repos\small-sim-graph-projects\visual simulations\driving-bot\x64\debug\driving-bot.tlog\link.18576-cvtres.read.1.tlog
c:\users\hunter werenskjold\source\repos\small-sim-graph-projects\visual simulations\driving-bot\x64\debug\driving-bot.tlog\link.18576-cvtres.write.1.tlog
c:\users\hunter werenskjold\source\repos\small-sim-graph-projects\visual simulations\driving-bot\x64\debug\driving-bot.tlog\link.18576-rc.read.1.tlog
c:\users\hunter werenskjold\source\repos\small-sim-graph-projects\visual simulations\driving-bot\x64\debug\driving-bot.tlog\link.18576-rc.write.1.tlog
c:\users\hunter werenskjold\source\repos\small-sim-graph-projects\visual simulations\driving-bot\x64\debug\driving-bot.tlog\link.18576.read.1.tlog
c:\users\hunter werenskjold\source\repos\small-sim-graph-projects\visual simulations\driving-bot\x64\debug\driving-bot.tlog\link.18576.write.1.tlog
c:\users\hunter werenskjold\source\repos\small-sim-graph-projects\visual simulations\driving-bot\x64\debug\driving-bot.tlog\link.command.1.tlog
c:\users\hunter werenskjold\source\repos\small-sim-graph-projects\visual simulations\driving-bot\x64\debug\driving-bot.tlog\link.read.1.tlog
c:\users\hunter werenskjold\source\repos\small-sim-graph-projects\visual simulations\driving-bot\x64\debug\driving-bot.tlog\link.write.1.tlog
